{"/Users/andresb/Projects/cinematicframework/src/storage-manager.ts": {"path":"/Users/andresb/Projects/cinematicframework/src/storage-manager.ts","statementMap":{"0":{"start":{"line":25,"column":4},"end":{"line":25,"column":null}},"1":{"start":{"line":26,"column":4},"end":{"line":26,"column":null}},"2":{"start":{"line":27,"column":4},"end":{"line":27,"column":null}},"3":{"start":{"line":34,"column":19},"end":{"line":34,"column":null}},"4":{"start":{"line":35,"column":4},"end":{"line":40,"column":null}},"5":{"start":{"line":41,"column":4},"end":{"line":41,"column":null}},"6":{"start":{"line":49,"column":19},"end":{"line":49,"column":null}},"7":{"start":{"line":50,"column":17},"end":{"line":50,"column":null}},"8":{"start":{"line":51,"column":4},"end":{"line":56,"column":null}},"9":{"start":{"line":57,"column":4},"end":{"line":57,"column":null}},"10":{"start":{"line":61,"column":19},"end":{"line":61,"column":null}},"11":{"start":{"line":62,"column":4},"end":{"line":62,"column":null}},"12":{"start":{"line":66,"column":21},"end":{"line":66,"column":null}},"13":{"start":{"line":67,"column":24},"end":{"line":67,"column":null}},"14":{"start":{"line":68,"column":19},"end":{"line":68,"column":null}},"15":{"start":{"line":70,"column":19},"end":{"line":70,"column":null}},"16":{"start":{"line":71,"column":4},"end":{"line":74,"column":null}},"17":{"start":{"line":72,"column":8},"end":{"line":72,"column":null}},"18":{"start":{"line":73,"column":8},"end":{"line":73,"column":null}},"19":{"start":{"line":76,"column":4},"end":{"line":76,"column":null}},"20":{"start":{"line":77,"column":4},"end":{"line":77,"column":null}},"21":{"start":{"line":81,"column":19},"end":{"line":81,"column":null}},"22":{"start":{"line":82,"column":17},"end":{"line":82,"column":null}},"23":{"start":{"line":83,"column":25},"end":{"line":83,"column":null}},"24":{"start":{"line":84,"column":4},"end":{"line":84,"column":null}},"25":{"start":{"line":88,"column":4},"end":{"line":97,"column":null}},"26":{"start":{"line":89,"column":20},"end":{"line":89,"column":null}},"27":{"start":{"line":90,"column":6},"end":{"line":95,"column":null}},"28":{"start":{"line":91,"column":8},"end":{"line":93,"column":null}},"29":{"start":{"line":92,"column":10},"end":{"line":92,"column":null}},"30":{"start":{"line":94,"column":8},"end":{"line":94,"column":null}},"31":{"start":{"line":96,"column":6},"end":{"line":96,"column":null}},"32":{"start":{"line":98,"column":4},"end":{"line":98,"column":null}},"33":{"start":{"line":102,"column":17},"end":{"line":102,"column":null}},"34":{"start":{"line":103,"column":19},"end":{"line":103,"column":null}},"35":{"start":{"line":104,"column":17},"end":{"line":104,"column":null}},"36":{"start":{"line":105,"column":4},"end":{"line":105,"column":null}},"37":{"start":{"line":109,"column":17},"end":{"line":109,"column":null}},"38":{"start":{"line":110,"column":19},"end":{"line":110,"column":null}},"39":{"start":{"line":111,"column":17},"end":{"line":111,"column":null}},"40":{"start":{"line":112,"column":23},"end":{"line":112,"column":null}},"41":{"start":{"line":113,"column":4},"end":{"line":113,"column":null}},"42":{"start":{"line":117,"column":17},"end":{"line":117,"column":null}},"43":{"start":{"line":118,"column":19},"end":{"line":118,"column":null}},"44":{"start":{"line":119,"column":17},"end":{"line":119,"column":null}},"45":{"start":{"line":120,"column":21},"end":{"line":120,"column":null}},"46":{"start":{"line":121,"column":4},"end":{"line":121,"column":null}},"47":{"start":{"line":143,"column":21},"end":{"line":143,"column":null}},"48":{"start":{"line":145,"column":4},"end":{"line":177,"column":null}},"49":{"start":{"line":147,"column":8},"end":{"line":147,"column":null}},"50":{"start":{"line":150,"column":8},"end":{"line":150,"column":null}},"51":{"start":{"line":150,"column":33},"end":{"line":150,"column":null}},"52":{"start":{"line":151,"column":8},"end":{"line":151,"column":null}},"53":{"start":{"line":154,"column":8},"end":{"line":154,"column":null}},"54":{"start":{"line":154,"column":32},"end":{"line":154,"column":null}},"55":{"start":{"line":155,"column":8},"end":{"line":155,"column":null}},"56":{"start":{"line":158,"column":8},"end":{"line":158,"column":null}},"57":{"start":{"line":158,"column":42},"end":{"line":158,"column":null}},"58":{"start":{"line":159,"column":8},"end":{"line":159,"column":null}},"59":{"start":{"line":162,"column":8},"end":{"line":162,"column":null}},"60":{"start":{"line":162,"column":42},"end":{"line":162,"column":null}},"61":{"start":{"line":163,"column":8},"end":{"line":163,"column":null}},"62":{"start":{"line":166,"column":8},"end":{"line":166,"column":null}},"63":{"start":{"line":166,"column":42},"end":{"line":166,"column":null}},"64":{"start":{"line":167,"column":8},"end":{"line":167,"column":null}},"65":{"start":{"line":170,"column":8},"end":{"line":170,"column":null}},"66":{"start":{"line":173,"column":8},"end":{"line":173,"column":null}},"67":{"start":{"line":176,"column":8},"end":{"line":176,"column":null}},"68":{"start":{"line":181,"column":27},"end":{"line":181,"column":null}},"69":{"start":{"line":182,"column":4},"end":{"line":182,"column":null}},"70":{"start":{"line":186,"column":27},"end":{"line":186,"column":null}},"71":{"start":{"line":187,"column":4},"end":{"line":187,"column":null}},"72":{"start":{"line":191,"column":17},"end":{"line":191,"column":null}},"73":{"start":{"line":192,"column":19},"end":{"line":192,"column":null}},"74":{"start":{"line":193,"column":17},"end":{"line":193,"column":null}},"75":{"start":{"line":194,"column":23},"end":{"line":194,"column":null}},"76":{"start":{"line":195,"column":4},"end":{"line":195,"column":null}}},"fnMap":{"0":{"name":"(anonymous_0)","decl":{"start":{"line":24,"column":2},"end":{"line":24,"column":14}},"loc":{"start":{"line":24,"column":70},"end":{"line":28,"column":null}},"line":24},"1":{"name":"(anonymous_1)","decl":{"start":{"line":30,"column":8},"end":{"line":30,"column":null}},"loc":{"start":{"line":33,"column":21},"end":{"line":42,"column":null}},"line":33},"2":{"name":"(anonymous_2)","decl":{"start":{"line":44,"column":8},"end":{"line":44,"column":null}},"loc":{"start":{"line":48,"column":21},"end":{"line":58,"column":null}},"line":48},"3":{"name":"(anonymous_3)","decl":{"start":{"line":60,"column":8},"end":{"line":60,"column":19}},"loc":{"start":{"line":60,"column":68},"end":{"line":63,"column":null}},"line":60},"4":{"name":"(anonymous_4)","decl":{"start":{"line":65,"column":8},"end":{"line":65,"column":24}},"loc":{"start":{"line":65,"column":60},"end":{"line":78,"column":null}},"line":65},"5":{"name":"(anonymous_5)","decl":{"start":{"line":80,"column":8},"end":{"line":80,"column":24}},"loc":{"start":{"line":80,"column":52},"end":{"line":85,"column":null}},"line":80},"6":{"name":"(anonymous_6)","decl":{"start":{"line":87,"column":10},"end":{"line":87,"column":27}},"loc":{"start":{"line":87,"column":54},"end":{"line":99,"column":null}},"line":87},"7":{"name":"(anonymous_7)","decl":{"start":{"line":101,"column":8},"end":{"line":101,"column":21}},"loc":{"start":{"line":101,"column":79},"end":{"line":106,"column":null}},"line":101},"8":{"name":"(anonymous_8)","decl":{"start":{"line":108,"column":8},"end":{"line":108,"column":25}},"loc":{"start":{"line":108,"column":59},"end":{"line":114,"column":null}},"line":108},"9":{"name":"(anonymous_9)","decl":{"start":{"line":116,"column":8},"end":{"line":116,"column":19}},"loc":{"start":{"line":116,"column":54},"end":{"line":122,"column":null}},"line":116},"10":{"name":"(anonymous_10)","decl":{"start":{"line":135,"column":2},"end":{"line":135,"column":null}},"loc":{"start":{"line":142,"column":12},"end":{"line":178,"column":null}},"line":142},"11":{"name":"(anonymous_11)","decl":{"start":{"line":180,"column":2},"end":{"line":180,"column":15}},"loc":{"start":{"line":180,"column":37},"end":{"line":183,"column":null}},"line":180},"12":{"name":"(anonymous_12)","decl":{"start":{"line":185,"column":2},"end":{"line":185,"column":12}},"loc":{"start":{"line":185,"column":34},"end":{"line":188,"column":null}},"line":185},"13":{"name":"(anonymous_13)","decl":{"start":{"line":190,"column":8},"end":{"line":190,"column":26}},"loc":{"start":{"line":190,"column":72},"end":{"line":196,"column":null}},"line":190}},"branchMap":{"0":{"loc":{"start":{"line":71,"column":4},"end":{"line":74,"column":null}},"type":"if","locations":[{"start":{"line":71,"column":4},"end":{"line":74,"column":null}},{"start":{},"end":{}}],"line":71},"1":{"loc":{"start":{"line":88,"column":4},"end":{"line":97,"column":null}},"type":"if","locations":[{"start":{"line":88,"column":4},"end":{"line":97,"column":null}},{"start":{},"end":{}}],"line":88},"2":{"loc":{"start":{"line":90,"column":6},"end":{"line":95,"column":null}},"type":"if","locations":[{"start":{"line":90,"column":6},"end":{"line":95,"column":null}},{"start":{},"end":{}}],"line":90},"3":{"loc":{"start":{"line":91,"column":8},"end":{"line":93,"column":null}},"type":"if","locations":[{"start":{"line":91,"column":8},"end":{"line":93,"column":null}},{"start":{},"end":{}}],"line":91},"4":{"loc":{"start":{"line":137,"column":4},"end":{"line":141,"column":null}},"type":"default-arg","locations":[{"start":{"line":141,"column":8},"end":{"line":141,"column":null}}],"line":137},"5":{"loc":{"start":{"line":145,"column":4},"end":{"line":177,"column":null}},"type":"switch","locations":[{"start":{"line":146,"column":6},"end":{"line":147,"column":null}},{"start":{"line":149,"column":6},"end":{"line":151,"column":null}},{"start":{"line":153,"column":6},"end":{"line":155,"column":null}},{"start":{"line":157,"column":6},"end":{"line":159,"column":null}},{"start":{"line":161,"column":6},"end":{"line":163,"column":null}},{"start":{"line":165,"column":6},"end":{"line":167,"column":null}},{"start":{"line":169,"column":6},"end":{"line":170,"column":null}},{"start":{"line":172,"column":6},"end":{"line":173,"column":null}},{"start":{"line":175,"column":6},"end":{"line":176,"column":null}}],"line":145},"6":{"loc":{"start":{"line":150,"column":8},"end":{"line":150,"column":null}},"type":"if","locations":[{"start":{"line":150,"column":8},"end":{"line":150,"column":null}},{"start":{},"end":{}}],"line":150},"7":{"loc":{"start":{"line":154,"column":8},"end":{"line":154,"column":null}},"type":"if","locations":[{"start":{"line":154,"column":8},"end":{"line":154,"column":null}},{"start":{},"end":{}}],"line":154},"8":{"loc":{"start":{"line":158,"column":8},"end":{"line":158,"column":null}},"type":"if","locations":[{"start":{"line":158,"column":8},"end":{"line":158,"column":null}},{"start":{},"end":{}}],"line":158},"9":{"loc":{"start":{"line":162,"column":8},"end":{"line":162,"column":null}},"type":"if","locations":[{"start":{"line":162,"column":8},"end":{"line":162,"column":null}},{"start":{},"end":{}}],"line":162},"10":{"loc":{"start":{"line":166,"column":8},"end":{"line":166,"column":null}},"type":"if","locations":[{"start":{"line":166,"column":8},"end":{"line":166,"column":null}},{"start":{},"end":{}}],"line":166}},"s":{"0":32,"1":32,"2":32,"3":1,"4":1,"5":1,"6":2,"7":2,"8":2,"9":2,"10":1,"11":1,"12":2,"13":2,"14":2,"15":2,"16":2,"17":1,"18":1,"19":1,"20":1,"21":1,"22":1,"23":1,"24":1,"25":8,"26":6,"27":6,"28":5,"29":1,"30":4,"31":1,"32":2,"33":3,"34":3,"35":3,"36":3,"37":1,"38":1,"39":1,"40":1,"41":1,"42":1,"43":1,"44":1,"45":1,"46":1,"47":12,"48":12,"49":1,"50":2,"51":1,"52":1,"53":0,"54":0,"55":0,"56":2,"57":1,"58":1,"59":2,"60":1,"61":1,"62":2,"63":1,"64":1,"65":1,"66":1,"67":1,"68":1,"69":1,"70":1,"71":1,"72":1,"73":1,"74":1,"75":1,"76":1},"f":{"0":32,"1":1,"2":2,"3":1,"4":2,"5":1,"6":8,"7":3,"8":1,"9":1,"10":12,"11":1,"12":1,"13":1},"b":{"0":[1,1],"1":[6,2],"2":[5,1],"3":[1,4],"4":[12],"5":[1,2,0,2,2,2,1,1,1],"6":[1,1],"7":[0,0],"8":[1,1],"9":[1,1],"10":[1,1]},"meta":{"lastBranch":11,"lastFunction":14,"lastStatement":77,"seen":{"f:24:2:24:14":0,"s:25:4:25:Infinity":0,"s:26:4:26:Infinity":1,"s:27:4:27:Infinity":2,"f:30:8:30:Infinity":1,"s:34:19:34:Infinity":3,"s:35:4:40:Infinity":4,"s:41:4:41:Infinity":5,"f:44:8:44:Infinity":2,"s:49:19:49:Infinity":6,"s:50:17:50:Infinity":7,"s:51:4:56:Infinity":8,"s:57:4:57:Infinity":9,"f:60:8:60:19":3,"s:61:19:61:Infinity":10,"s:62:4:62:Infinity":11,"f:65:8:65:24":4,"s:66:21:66:Infinity":12,"s:67:24:67:Infinity":13,"s:68:19:68:Infinity":14,"s:70:19:70:Infinity":15,"b:71:4:74:Infinity:undefined:undefined:undefined:undefined":0,"s:71:4:74:Infinity":16,"s:72:8:72:Infinity":17,"s:73:8:73:Infinity":18,"s:76:4:76:Infinity":19,"s:77:4:77:Infinity":20,"f:80:8:80:24":5,"s:81:19:81:Infinity":21,"s:82:17:82:Infinity":22,"s:83:25:83:Infinity":23,"s:84:4:84:Infinity":24,"f:87:10:87:27":6,"b:88:4:97:Infinity:undefined:undefined:undefined:undefined":1,"s:88:4:97:Infinity":25,"s:89:20:89:Infinity":26,"b:90:6:95:Infinity:undefined:undefined:undefined:undefined":2,"s:90:6:95:Infinity":27,"b:91:8:93:Infinity:undefined:undefined:undefined:undefined":3,"s:91:8:93:Infinity":28,"s:92:10:92:Infinity":29,"s:94:8:94:Infinity":30,"s:96:6:96:Infinity":31,"s:98:4:98:Infinity":32,"f:101:8:101:21":7,"s:102:17:102:Infinity":33,"s:103:19:103:Infinity":34,"s:104:17:104:Infinity":35,"s:105:4:105:Infinity":36,"f:108:8:108:25":8,"s:109:17:109:Infinity":37,"s:110:19:110:Infinity":38,"s:111:17:111:Infinity":39,"s:112:23:112:Infinity":40,"s:113:4:113:Infinity":41,"f:116:8:116:19":9,"s:117:17:117:Infinity":42,"s:118:19:118:Infinity":43,"s:119:17:119:Infinity":44,"s:120:21:120:Infinity":45,"s:121:4:121:Infinity":46,"f:135:2:135:Infinity":10,"b:141:8:141:Infinity":4,"s:143:21:143:Infinity":47,"b:146:6:147:Infinity:149:6:151:Infinity:153:6:155:Infinity:157:6:159:Infinity:161:6:163:Infinity:165:6:167:Infinity:169:6:170:Infinity:172:6:173:Infinity:175:6:176:Infinity":5,"s:145:4:177:Infinity":48,"s:147:8:147:Infinity":49,"b:150:8:150:Infinity:undefined:undefined:undefined:undefined":6,"s:150:8:150:Infinity":50,"s:150:33:150:Infinity":51,"s:151:8:151:Infinity":52,"b:154:8:154:Infinity:undefined:undefined:undefined:undefined":7,"s:154:8:154:Infinity":53,"s:154:32:154:Infinity":54,"s:155:8:155:Infinity":55,"b:158:8:158:Infinity:undefined:undefined:undefined:undefined":8,"s:158:8:158:Infinity":56,"s:158:42:158:Infinity":57,"s:159:8:159:Infinity":58,"b:162:8:162:Infinity:undefined:undefined:undefined:undefined":9,"s:162:8:162:Infinity":59,"s:162:42:162:Infinity":60,"s:163:8:163:Infinity":61,"b:166:8:166:Infinity:undefined:undefined:undefined:undefined":10,"s:166:8:166:Infinity":62,"s:166:42:166:Infinity":63,"s:167:8:167:Infinity":64,"s:170:8:170:Infinity":65,"s:173:8:173:Infinity":66,"s:176:8:176:Infinity":67,"f:180:2:180:15":11,"s:181:27:181:Infinity":68,"s:182:4:182:Infinity":69,"f:185:2:185:12":12,"s:186:27:186:Infinity":70,"s:187:4:187:Infinity":71,"f:190:8:190:26":13,"s:191:17:191:Infinity":72,"s:192:19:192:Infinity":73,"s:193:17:193:Infinity":74,"s:194:23:194:Infinity":75,"s:195:4:195:Infinity":76}}}
,"/Users/andresb/Projects/cinematicframework/src/types.ts": {"path":"/Users/andresb/Projects/cinematicframework/src/types.ts","statementMap":{"0":{"start":{"line":3,"column":31},"end":{"line":3,"column":null}},"1":{"start":{"line":3,"column":54},"end":{"line":3,"column":null}},"2":{"start":{"line":9,"column":31},"end":{"line":22,"column":null}},"3":{"start":{"line":25,"column":36},"end":{"line":34,"column":null}},"4":{"start":{"line":37,"column":30},"end":{"line":39,"column":null}},"5":{"start":{"line":46,"column":30},"end":{"line":53,"column":null}},"6":{"start":{"line":56,"column":35},"end":{"line":61,"column":null}},"7":{"start":{"line":68,"column":34},"end":{"line":80,"column":null}},"8":{"start":{"line":83,"column":35},"end":{"line":86,"column":null}},"9":{"start":{"line":95,"column":27},"end":{"line":117,"column":null}},"10":{"start":{"line":124,"column":35},"end":{"line":132,"column":null}},"11":{"start":{"line":139,"column":32},"end":{"line":144,"column":null}},"12":{"start":{"line":151,"column":39},"end":{"line":155,"column":null}},"13":{"start":{"line":162,"column":32},"end":{"line":175,"column":null}},"14":{"start":{"line":209,"column":2},"end":{"line":209,"column":null}},"15":{"start":{"line":213,"column":2},"end":{"line":213,"column":null}},"16":{"start":{"line":217,"column":2},"end":{"line":217,"column":null}},"17":{"start":{"line":221,"column":2},"end":{"line":221,"column":null}},"18":{"start":{"line":228,"column":31},"end":{"line":228,"column":null}},"19":{"start":{"line":231,"column":32},"end":{"line":245,"column":null}},"20":{"start":{"line":248,"column":26},"end":{"line":261,"column":null}},"21":{"start":{"line":264,"column":32},"end":{"line":282,"column":null}}},"fnMap":{"0":{"name":"(anonymous_0)","decl":{"start":{"line":3,"column":31},"end":{"line":3,"column":32}},"loc":{"start":{"line":3,"column":54},"end":{"line":3,"column":null}},"line":3},"1":{"name":"isValidDuration","decl":{"start":{"line":208,"column":16},"end":{"line":208,"column":32}},"loc":{"start":{"line":208,"column":73},"end":{"line":210,"column":null}},"line":208},"2":{"name":"isLyricalScene","decl":{"start":{"line":212,"column":16},"end":{"line":212,"column":31}},"loc":{"start":{"line":212,"column":54},"end":{"line":214,"column":null}},"line":212},"3":{"name":"isInstrumentalScene","decl":{"start":{"line":216,"column":16},"end":{"line":216,"column":36}},"loc":{"start":{"line":216,"column":59},"end":{"line":218,"column":null}},"line":216},"4":{"name":"requiresTransition","decl":{"start":{"line":220,"column":16},"end":{"line":220,"column":35}},"loc":{"start":{"line":220,"column":58},"end":{"line":222,"column":null}},"line":220}},"branchMap":{"0":{"loc":{"start":{"line":209,"column":9},"end":{"line":209,"column":null}},"type":"binary-expr","locations":[{"start":{"line":209,"column":9},"end":{"line":209,"column":27}},{"start":{"line":209,"column":27},"end":{"line":209,"column":45}},{"start":{"line":209,"column":45},"end":{"line":209,"column":null}}],"line":209},"1":{"loc":{"start":{"line":213,"column":9},"end":{"line":213,"column":null}},"type":"binary-expr","locations":[{"start":{"line":213,"column":9},"end":{"line":213,"column":44}},{"start":{"line":213,"column":44},"end":{"line":213,"column":65}},{"start":{"line":213,"column":65},"end":{"line":213,"column":113}},{"start":{"line":213,"column":113},"end":{"line":213,"column":null}}],"line":213},"2":{"loc":{"start":{"line":217,"column":9},"end":{"line":217,"column":null}},"type":"binary-expr","locations":[{"start":{"line":217,"column":9},"end":{"line":217,"column":44}},{"start":{"line":217,"column":44},"end":{"line":217,"column":92}},{"start":{"line":217,"column":92},"end":{"line":217,"column":null}}],"line":217},"3":{"loc":{"start":{"line":221,"column":9},"end":{"line":221,"column":null}},"type":"binary-expr","locations":[{"start":{"line":221,"column":9},"end":{"line":221,"column":43}},{"start":{"line":221,"column":43},"end":{"line":221,"column":null}}],"line":221}},"s":{"0":3,"1":25,"2":3,"3":3,"4":3,"5":3,"6":3,"7":3,"8":3,"9":3,"10":3,"11":3,"12":3,"13":3,"14":6,"15":3,"16":3,"17":3,"18":3,"19":3,"20":3,"21":3},"f":{"0":25,"1":6,"2":3,"3":3,"4":3},"b":{"0":[6,5,4],"1":[3,2,2,1],"2":[3,2,1],"3":[3,2]},"meta":{"lastBranch":4,"lastFunction":5,"lastStatement":22,"seen":{"s:3:31:3:Infinity":0,"f:3:31:3:32":0,"s:3:54:3:Infinity":1,"s:9:31:22:Infinity":2,"s:25:36:34:Infinity":3,"s:37:30:39:Infinity":4,"s:46:30:53:Infinity":5,"s:56:35:61:Infinity":6,"s:68:34:80:Infinity":7,"s:83:35:86:Infinity":8,"s:95:27:117:Infinity":9,"s:124:35:132:Infinity":10,"s:139:32:144:Infinity":11,"s:151:39:155:Infinity":12,"s:162:32:175:Infinity":13,"f:208:16:208:32":1,"s:209:2:209:Infinity":14,"b:209:9:209:27:209:27:209:45:209:45:209:Infinity":0,"f:212:16:212:31":2,"s:213:2:213:Infinity":15,"b:213:9:213:44:213:44:213:65:213:65:213:113:213:113:213:Infinity":1,"f:216:16:216:36":3,"s:217:2:217:Infinity":16,"b:217:9:217:44:217:44:217:92:217:92:217:Infinity":2,"f:220:16:220:35":4,"s:221:2:221:Infinity":17,"b:221:9:221:43:221:43:221:Infinity":3,"s:228:31:228:Infinity":18,"s:231:32:245:Infinity":19,"s:248:26:261:Infinity":20,"s:264:32:282:Infinity":21}}}
,"/Users/andresb/Projects/cinematicframework/src/utils.ts": {"path":"/Users/andresb/Projects/cinematicframework/src/utils.ts","statementMap":{"0":{"start":{"line":10,"column":14},"end":{"line":10,"column":null}},"1":{"start":{"line":13,"column":20},"end":{"line":13,"column":null}},"2":{"start":{"line":14,"column":20},"end":{"line":14,"column":null}},"3":{"start":{"line":16,"column":2},"end":{"line":18,"column":null}},"4":{"start":{"line":17,"column":4},"end":{"line":17,"column":null}},"5":{"start":{"line":20,"column":2},"end":{"line":20,"column":null}},"6":{"start":{"line":23,"column":26},"end":{"line":27,"column":null}},"7":{"start":{"line":24,"column":15},"end":{"line":24,"column":null}},"8":{"start":{"line":25,"column":15},"end":{"line":25,"column":null}},"9":{"start":{"line":26,"column":2},"end":{"line":26,"column":null}},"10":{"start":{"line":30,"column":2},"end":{"line":30,"column":null}},"11":{"start":{"line":30,"column":21},"end":{"line":30,"column":null}},"12":{"start":{"line":31,"column":2},"end":{"line":31,"column":null}},"13":{"start":{"line":31,"column":21},"end":{"line":31,"column":null}},"14":{"start":{"line":32,"column":2},"end":{"line":32,"column":null}}},"fnMap":{"0":{"name":"cleanJsonOutput","decl":{"start":{"line":8,"column":16},"end":{"line":8,"column":32}},"loc":{"start":{"line":8,"column":56},"end":{"line":21,"column":null}},"line":8},"1":{"name":"(anonymous_1)","decl":{"start":{"line":23,"column":26},"end":{"line":23,"column":27}},"loc":{"start":{"line":23,"column":47},"end":{"line":27,"column":null}},"line":23},"2":{"name":"roundToValidDuration","decl":{"start":{"line":29,"column":16},"end":{"line":29,"column":37}},"loc":{"start":{"line":29,"column":66},"end":{"line":33,"column":null}},"line":29}},"branchMap":{"0":{"loc":{"start":{"line":16,"column":2},"end":{"line":18,"column":null}},"type":"if","locations":[{"start":{"line":16,"column":2},"end":{"line":18,"column":null}},{"start":{},"end":{}}],"line":16},"1":{"loc":{"start":{"line":16,"column":6},"end":{"line":16,"column":69}},"type":"binary-expr","locations":[{"start":{"line":16,"column":6},"end":{"line":16,"column":26}},{"start":{"line":16,"column":26},"end":{"line":16,"column":46}},{"start":{"line":16,"column":46},"end":{"line":16,"column":69}}],"line":16},"2":{"loc":{"start":{"line":30,"column":2},"end":{"line":30,"column":null}},"type":"if","locations":[{"start":{"line":30,"column":2},"end":{"line":30,"column":null}},{"start":{},"end":{}}],"line":30},"3":{"loc":{"start":{"line":31,"column":2},"end":{"line":31,"column":null}},"type":"if","locations":[{"start":{"line":31,"column":2},"end":{"line":31,"column":null}},{"start":{},"end":{}}],"line":31}},"s":{"0":13,"1":13,"2":13,"3":13,"4":12,"5":13,"6":3,"7":4,"8":4,"9":4,"10":6,"11":2,"12":4,"13":2,"14":2},"f":{"0":13,"1":4,"2":6},"b":{"0":[12,1],"1":[13,12,12],"2":[2,4],"3":[2,2]},"meta":{"lastBranch":4,"lastFunction":3,"lastStatement":15,"seen":{"f:8:16:8:32":0,"s:10:14:10:Infinity":0,"s:13:20:13:Infinity":1,"s:14:20:14:Infinity":2,"b:16:2:18:Infinity:undefined:undefined:undefined:undefined":0,"s:16:2:18:Infinity":3,"b:16:6:16:26:16:26:16:46:16:46:16:69":1,"s:17:4:17:Infinity":4,"s:20:2:20:Infinity":5,"s:23:26:27:Infinity":6,"f:23:26:23:27":1,"s:24:15:24:Infinity":7,"s:25:15:25:Infinity":8,"s:26:2:26:Infinity":9,"f:29:16:29:37":2,"b:30:2:30:Infinity:undefined:undefined:undefined:undefined":2,"s:30:2:30:Infinity":10,"s:30:21:30:Infinity":11,"b:31:2:31:Infinity:undefined:undefined:undefined:undefined":3,"s:31:2:31:Infinity":12,"s:31:21:31:Infinity":13,"s:32:2:32:Infinity":14}}}
,"/Users/andresb/Projects/cinematicframework/src/agents/audio-processing-agent.ts": {"path":"/Users/andresb/Projects/cinematicframework/src/agents/audio-processing-agent.ts","statementMap":{"0":{"start":{"line":18,"column":8},"end":{"line":18,"column":null}},"1":{"start":{"line":19,"column":8},"end":{"line":19,"column":null}},"2":{"start":{"line":29,"column":8},"end":{"line":36,"column":null}},"3":{"start":{"line":30,"column":12},"end":{"line":30,"column":null}},"4":{"start":{"line":31,"column":12},"end":{"line":35,"column":null}},"5":{"start":{"line":38,"column":8},"end":{"line":38,"column":null}},"6":{"start":{"line":40,"column":32},"end":{"line":40,"column":null}},"7":{"start":{"line":41,"column":8},"end":{"line":41,"column":null}},"8":{"start":{"line":43,"column":28},"end":{"line":43,"column":null}},"9":{"start":{"line":44,"column":23},"end":{"line":44,"column":null}},"10":{"start":{"line":46,"column":8},"end":{"line":48,"column":null}},"11":{"start":{"line":47,"column":12},"end":{"line":47,"column":null}},"12":{"start":{"line":50,"column":14},"end":{"line":50,"column":null}},"13":{"start":{"line":51,"column":40},"end":{"line":51,"column":null}},"14":{"start":{"line":53,"column":8},"end":{"line":53,"column":null}},"15":{"start":{"line":54,"column":8},"end":{"line":54,"column":null}},"16":{"start":{"line":58,"column":8},"end":{"line":67,"column":null}},"17":{"start":{"line":59,"column":12},"end":{"line":66,"column":null}},"18":{"start":{"line":60,"column":16},"end":{"line":65,"column":null}},"19":{"start":{"line":61,"column":20},"end":{"line":61,"column":null}},"20":{"start":{"line":63,"column":37},"end":{"line":63,"column":null}},"21":{"start":{"line":64,"column":20},"end":{"line":64,"column":null}},"22":{"start":{"line":71,"column":8},"end":{"line":71,"column":null}},"23":{"start":{"line":75,"column":8},"end":{"line":75,"column":null}},"24":{"start":{"line":77,"column":36},"end":{"line":81,"column":null}},"25":{"start":{"line":83,"column":14},"end":{"line":83,"column":null}},"26":{"start":{"line":85,"column":14},"end":{"line":89,"column":null}},"27":{"start":{"line":91,"column":23},"end":{"line":108,"column":null}},"28":{"start":{"line":110,"column":8},"end":{"line":110,"column":null}}},"fnMap":{"0":{"name":"(anonymous_0)","decl":{"start":{"line":17,"column":4},"end":{"line":17,"column":16}},"loc":{"start":{"line":17,"column":71},"end":{"line":20,"column":null}},"line":17},"1":{"name":"(anonymous_1)","decl":{"start":{"line":28,"column":10},"end":{"line":28,"column":31}},"loc":{"start":{"line":28,"column":115},"end":{"line":55,"column":null}},"line":28},"2":{"name":"(anonymous_2)","decl":{"start":{"line":57,"column":12},"end":{"line":57,"column":29}},"loc":{"start":{"line":57,"column":64},"end":{"line":68,"column":null}},"line":57},"3":{"name":"(anonymous_3)","decl":{"start":{"line":58,"column":27},"end":{"line":58,"column":28}},"loc":{"start":{"line":58,"column":48},"end":{"line":67,"column":9}},"line":58},"4":{"name":"(anonymous_4)","decl":{"start":{"line":59,"column":35},"end":{"line":59,"column":36}},"loc":{"start":{"line":59,"column":64},"end":{"line":66,"column":13}},"line":59},"5":{"name":"(anonymous_5)","decl":{"start":{"line":70,"column":12},"end":{"line":70,"column":20}},"loc":{"start":{"line":70,"column":89},"end":{"line":72,"column":null}},"line":70},"6":{"name":"(anonymous_6)","decl":{"start":{"line":74,"column":18},"end":{"line":74,"column":31}},"loc":{"start":{"line":74,"column":126},"end":{"line":111,"column":null}},"line":74}},"branchMap":{"0":{"loc":{"start":{"line":29,"column":8},"end":{"line":36,"column":null}},"type":"if","locations":[{"start":{"line":29,"column":8},"end":{"line":36,"column":null}},{"start":{},"end":{}}],"line":29},"1":{"loc":{"start":{"line":46,"column":8},"end":{"line":48,"column":null}},"type":"if","locations":[{"start":{"line":46,"column":8},"end":{"line":48,"column":null}},{"start":{},"end":{}}],"line":46},"2":{"loc":{"start":{"line":60,"column":16},"end":{"line":65,"column":null}},"type":"if","locations":[{"start":{"line":60,"column":16},"end":{"line":65,"column":null}},{"start":{"line":62,"column":23},"end":{"line":65,"column":null}}],"line":60},"3":{"loc":{"start":{"line":64,"column":28},"end":{"line":64,"column":41}},"type":"binary-expr","locations":[{"start":{"line":64,"column":28},"end":{"line":64,"column":40}},{"start":{"line":64,"column":40},"end":{"line":64,"column":41}}],"line":64}},"s":{"0":7,"1":7,"2":5,"3":0,"4":0,"5":5,"6":5,"7":5,"8":5,"9":5,"10":4,"11":3,"12":1,"13":1,"14":1,"15":1,"16":7,"17":7,"18":7,"19":1,"20":6,"21":6,"22":7,"23":5,"24":5,"25":5,"26":5,"27":5,"28":4},"f":{"0":7,"1":5,"2":7,"3":7,"4":7,"5":7,"6":5},"b":{"0":[0,5],"1":[3,1],"2":[1,6],"3":[6,1]},"meta":{"lastBranch":4,"lastFunction":7,"lastStatement":29,"seen":{"f:17:4:17:16":0,"s:18:8:18:Infinity":0,"s:19:8:19:Infinity":1,"f:28:10:28:31":1,"b:29:8:36:Infinity:undefined:undefined:undefined:undefined":0,"s:29:8:36:Infinity":2,"s:30:12:30:Infinity":3,"s:31:12:35:Infinity":4,"s:38:8:38:Infinity":5,"s:40:32:40:Infinity":6,"s:41:8:41:Infinity":7,"s:43:28:43:Infinity":8,"s:44:23:44:Infinity":9,"b:46:8:48:Infinity:undefined:undefined:undefined:undefined":1,"s:46:8:48:Infinity":10,"s:47:12:47:Infinity":11,"s:50:14:50:Infinity":12,"s:51:40:51:Infinity":13,"s:53:8:53:Infinity":14,"s:54:8:54:Infinity":15,"f:57:12:57:29":2,"s:58:8:67:Infinity":16,"f:58:27:58:28":3,"s:59:12:66:Infinity":17,"f:59:35:59:36":4,"b:60:16:65:Infinity:62:23:65:Infinity":2,"s:60:16:65:Infinity":18,"s:61:20:61:Infinity":19,"s:63:37:63:Infinity":20,"s:64:20:64:Infinity":21,"b:64:28:64:40:64:40:64:41":3,"f:70:12:70:20":5,"s:71:8:71:Infinity":22,"f:74:18:74:31":6,"s:75:8:75:Infinity":23,"s:77:36:81:Infinity":24,"s:83:14:83:Infinity":25,"s:85:14:89:Infinity":26,"s:91:23:108:Infinity":27,"s:110:8:110:Infinity":28}}}
,"/Users/andresb/Projects/cinematicframework/src/agents/compositional-agent.ts": {"path":"/Users/andresb/Projects/cinematicframework/src/agents/compositional-agent.ts","statementMap":{"0":{"start":{"line":28,"column":4},"end":{"line":28,"column":null}},"1":{"start":{"line":29,"column":4},"end":{"line":29,"column":null}},"2":{"start":{"line":33,"column":4},"end":{"line":33,"column":null}},"3":{"start":{"line":35,"column":27},"end":{"line":35,"column":null}},"4":{"start":{"line":36,"column":4},"end":{"line":36,"column":null}},"5":{"start":{"line":38,"column":23},"end":{"line":38,"column":null}},"6":{"start":{"line":39,"column":34},"end":{"line":39,"column":null}},"7":{"start":{"line":41,"column":29},"end":{"line":43,"column":null}},"8":{"start":{"line":45,"column":4},"end":{"line":91,"column":null}},"9":{"start":{"line":45,"column":17},"end":{"line":45,"column":20}},"10":{"start":{"line":46,"column":26},"end":{"line":46,"column":null}},"11":{"start":{"line":47,"column":23},"end":{"line":47,"column":null}},"12":{"start":{"line":48,"column":27},"end":{"line":48,"column":null}},"13":{"start":{"line":49,"column":6},"end":{"line":49,"column":null}},"14":{"start":{"line":51,"column":12},"end":{"line":51,"column":null}},"15":{"start":{"line":53,"column":12},"end":{"line":57,"column":null}},"16":{"start":{"line":59,"column":20},"end":{"line":59,"column":null}},"17":{"start":{"line":60,"column":6},"end":{"line":60,"column":null}},"18":{"start":{"line":61,"column":6},"end":{"line":61,"column":null}},"19":{"start":{"line":62,"column":6},"end":{"line":62,"column":null}},"20":{"start":{"line":63,"column":6},"end":{"line":67,"column":null}},"21":{"start":{"line":64,"column":26},"end":{"line":64,"column":null}},"22":{"start":{"line":65,"column":8},"end":{"line":65,"column":null}},"23":{"start":{"line":66,"column":8},"end":{"line":66,"column":null}},"24":{"start":{"line":68,"column":6},"end":{"line":68,"column":null}},"25":{"start":{"line":70,"column":22},"end":{"line":87,"column":null}},"26":{"start":{"line":71,"column":25},"end":{"line":81,"column":null}},"27":{"start":{"line":82,"column":24},"end":{"line":82,"column":null}},"28":{"start":{"line":83,"column":8},"end":{"line":83,"column":null}},"29":{"start":{"line":83,"column":22},"end":{"line":83,"column":null}},"30":{"start":{"line":85,"column":14},"end":{"line":85,"column":null}},"31":{"start":{"line":86,"column":8},"end":{"line":86,"column":null}},"32":{"start":{"line":89,"column":26},"end":{"line":89,"column":null}},"33":{"start":{"line":90,"column":6},"end":{"line":90,"column":null}},"34":{"start":{"line":93,"column":40},"end":{"line":101,"column":null}},"35":{"start":{"line":103,"column":4},"end":{"line":103,"column":null}},"36":{"start":{"line":105,"column":27},"end":{"line":105,"column":null}},"37":{"start":{"line":106,"column":4},"end":{"line":106,"column":null}},"38":{"start":{"line":108,"column":4},"end":{"line":108,"column":null}},"39":{"start":{"line":109,"column":4},"end":{"line":109,"column":null}},"40":{"start":{"line":110,"column":4},"end":{"line":110,"column":null}},"41":{"start":{"line":111,"column":4},"end":{"line":111,"column":null}},"42":{"start":{"line":112,"column":4},"end":{"line":112,"column":null}},"43":{"start":{"line":113,"column":4},"end":{"line":113,"column":null}},"44":{"start":{"line":115,"column":4},"end":{"line":115,"column":null}},"45":{"start":{"line":119,"column":4},"end":{"line":119,"column":null}},"46":{"start":{"line":121,"column":33},"end":{"line":125,"column":null}},"47":{"start":{"line":127,"column":10},"end":{"line":127,"column":null}},"48":{"start":{"line":128,"column":10},"end":{"line":128,"column":null}},"49":{"start":{"line":131,"column":25},"end":{"line":135,"column":null}},"50":{"start":{"line":131,"column":54},"end":{"line":135,"column":6}},"51":{"start":{"line":137,"column":20},"end":{"line":143,"column":null}},"52":{"start":{"line":146,"column":20},"end":{"line":172,"column":null}},"53":{"start":{"line":147,"column":23},"end":{"line":157,"column":null}},"54":{"start":{"line":158,"column":22},"end":{"line":158,"column":null}},"55":{"start":{"line":159,"column":6},"end":{"line":159,"column":null}},"56":{"start":{"line":159,"column":20},"end":{"line":159,"column":null}},"57":{"start":{"line":161,"column":12},"end":{"line":161,"column":null}},"58":{"start":{"line":162,"column":28},"end":{"line":162,"column":null}},"59":{"start":{"line":164,"column":6},"end":{"line":166,"column":null}},"60":{"start":{"line":165,"column":8},"end":{"line":165,"column":null}},"61":{"start":{"line":168,"column":6},"end":{"line":171,"column":null}},"62":{"start":{"line":174,"column":4},"end":{"line":174,"column":null}},"63":{"start":{"line":178,"column":4},"end":{"line":180,"column":null}},"64":{"start":{"line":179,"column":6},"end":{"line":179,"column":null}},"65":{"start":{"line":182,"column":4},"end":{"line":193,"column":null}},"66":{"start":{"line":182,"column":17},"end":{"line":182,"column":20}},"67":{"start":{"line":183,"column":19},"end":{"line":183,"column":null}},"68":{"start":{"line":184,"column":21},"end":{"line":184,"column":null}},"69":{"start":{"line":186,"column":6},"end":{"line":188,"column":null}},"70":{"start":{"line":187,"column":8},"end":{"line":187,"column":null}},"71":{"start":{"line":190,"column":6},"end":{"line":192,"column":null}},"72":{"start":{"line":191,"column":8},"end":{"line":191,"column":null}},"73":{"start":{"line":200,"column":10},"end":{"line":200,"column":null}},"74":{"start":{"line":202,"column":24},"end":{"line":203,"column":null}},"75":{"start":{"line":207,"column":4},"end":{"line":235,"column":null}},"76":{"start":{"line":209,"column":12},"end":{"line":217,"column":null}},"77":{"start":{"line":219,"column":23},"end":{"line":219,"column":null}},"78":{"start":{"line":221,"column":29},"end":{"line":221,"column":null}},"79":{"start":{"line":223,"column":6},"end":{"line":225,"column":null}},"80":{"start":{"line":224,"column":8},"end":{"line":224,"column":null}},"81":{"start":{"line":227,"column":6},"end":{"line":227,"column":null}},"82":{"start":{"line":229,"column":6},"end":{"line":229,"column":null}},"83":{"start":{"line":232,"column":6},"end":{"line":232,"column":null}},"84":{"start":{"line":234,"column":6},"end":{"line":234,"column":null}},"85":{"start":{"line":243,"column":4},"end":{"line":243,"column":null}},"86":{"start":{"line":245,"column":10},"end":{"line":245,"column":null}},"87":{"start":{"line":247,"column":25},"end":{"line":247,"column":null}},"88":{"start":{"line":272,"column":24},"end":{"line":273,"column":null}},"89":{"start":{"line":277,"column":20},"end":{"line":305,"column":null}},"90":{"start":{"line":278,"column":23},"end":{"line":289,"column":null}},"91":{"start":{"line":291,"column":22},"end":{"line":291,"column":null}},"92":{"start":{"line":292,"column":6},"end":{"line":292,"column":null}},"93":{"start":{"line":292,"column":20},"end":{"line":292,"column":null}},"94":{"start":{"line":294,"column":12},"end":{"line":294,"column":null}},"95":{"start":{"line":295,"column":37},"end":{"line":295,"column":null}},"96":{"start":{"line":298,"column":6},"end":{"line":302,"column":null}},"97":{"start":{"line":299,"column":8},"end":{"line":301,"column":null}},"98":{"start":{"line":300,"column":10},"end":{"line":300,"column":null}},"99":{"start":{"line":304,"column":6},"end":{"line":304,"column":null}},"100":{"start":{"line":307,"column":23},"end":{"line":307,"column":null}},"101":{"start":{"line":310,"column":27},"end":{"line":310,"column":null}},"102":{"start":{"line":311,"column":4},"end":{"line":311,"column":null}},"103":{"start":{"line":313,"column":4},"end":{"line":313,"column":null}},"104":{"start":{"line":314,"column":4},"end":{"line":314,"column":null}},"105":{"start":{"line":315,"column":4},"end":{"line":315,"column":null}},"106":{"start":{"line":316,"column":4},"end":{"line":316,"column":null}},"107":{"start":{"line":317,"column":4},"end":{"line":317,"column":null}},"108":{"start":{"line":318,"column":4},"end":{"line":318,"column":null}},"109":{"start":{"line":320,"column":4},"end":{"line":320,"column":null}}},"fnMap":{"0":{"name":"(anonymous_0)","decl":{"start":{"line":27,"column":2},"end":{"line":27,"column":14}},"loc":{"start":{"line":27,"column":66},"end":{"line":30,"column":null}},"line":27},"1":{"name":"(anonymous_1)","decl":{"start":{"line":32,"column":8},"end":{"line":32,"column":27}},"loc":{"start":{"line":32,"column":123},"end":{"line":116,"column":null}},"line":32},"2":{"name":"(anonymous_2)","decl":{"start":{"line":70,"column":22},"end":{"line":70,"column":34}},"loc":{"start":{"line":70,"column":34},"end":{"line":87,"column":null}},"line":70},"3":{"name":"(anonymous_3)","decl":{"start":{"line":118,"column":16},"end":{"line":118,"column":40}},"loc":{"start":{"line":118,"column":129},"end":{"line":175,"column":null}},"line":118},"4":{"name":"(anonymous_4)","decl":{"start":{"line":131,"column":48},"end":{"line":131,"column":54}},"loc":{"start":{"line":131,"column":54},"end":{"line":135,"column":6}},"line":131},"5":{"name":"(anonymous_5)","decl":{"start":{"line":146,"column":20},"end":{"line":146,"column":32}},"loc":{"start":{"line":146,"column":32},"end":{"line":172,"column":null}},"line":146},"6":{"name":"(anonymous_6)","decl":{"start":{"line":177,"column":10},"end":{"line":177,"column":37}},"loc":{"start":{"line":177,"column":93},"end":{"line":194,"column":null}},"line":177},"7":{"name":"(anonymous_7)","decl":{"start":{"line":196,"column":8},"end":{"line":196,"column":null}},"loc":{"start":{"line":198,"column":21},"end":{"line":236,"column":null}},"line":198},"8":{"name":"(anonymous_8)","decl":{"start":{"line":242,"column":8},"end":{"line":242,"column":37}},"loc":{"start":{"line":242,"column":109},"end":{"line":321,"column":null}},"line":242},"9":{"name":"(anonymous_9)","decl":{"start":{"line":277,"column":20},"end":{"line":277,"column":32}},"loc":{"start":{"line":277,"column":32},"end":{"line":305,"column":null}},"line":277}},"branchMap":{"0":{"loc":{"start":{"line":63,"column":6},"end":{"line":67,"column":null}},"type":"if","locations":[{"start":{"line":63,"column":6},"end":{"line":67,"column":null}},{"start":{},"end":{}}],"line":63},"1":{"loc":{"start":{"line":83,"column":8},"end":{"line":83,"column":null}},"type":"if","locations":[{"start":{"line":83,"column":8},"end":{"line":83,"column":null}},{"start":{},"end":{}}],"line":83},"2":{"loc":{"start":{"line":99,"column":18},"end":{"line":99,"column":null}},"type":"cond-expr","locations":[{"start":{"line":99,"column":49},"end":{"line":99,"column":109}},{"start":{"line":99,"column":109},"end":{"line":99,"column":null}}],"line":99},"3":{"loc":{"start":{"line":109,"column":30},"end":{"line":109,"column":74}},"type":"binary-expr","locations":[{"start":{"line":109,"column":30},"end":{"line":109,"column":64}},{"start":{"line":109,"column":64},"end":{"line":109,"column":74}}],"line":109},"4":{"loc":{"start":{"line":159,"column":6},"end":{"line":159,"column":null}},"type":"if","locations":[{"start":{"line":159,"column":6},"end":{"line":159,"column":null}},{"start":{},"end":{}}],"line":159},"5":{"loc":{"start":{"line":164,"column":6},"end":{"line":166,"column":null}},"type":"if","locations":[{"start":{"line":164,"column":6},"end":{"line":166,"column":null}},{"start":{},"end":{}}],"line":164},"6":{"loc":{"start":{"line":178,"column":4},"end":{"line":180,"column":null}},"type":"if","locations":[{"start":{"line":178,"column":4},"end":{"line":180,"column":null}},{"start":{},"end":{}}],"line":178},"7":{"loc":{"start":{"line":186,"column":6},"end":{"line":188,"column":null}},"type":"if","locations":[{"start":{"line":186,"column":6},"end":{"line":188,"column":null}},{"start":{},"end":{}}],"line":186},"8":{"loc":{"start":{"line":186,"column":10},"end":{"line":186,"column":82}},"type":"binary-expr","locations":[{"start":{"line":186,"column":10},"end":{"line":186,"column":49}},{"start":{"line":186,"column":49},"end":{"line":186,"column":82}}],"line":186},"9":{"loc":{"start":{"line":190,"column":6},"end":{"line":192,"column":null}},"type":"if","locations":[{"start":{"line":190,"column":6},"end":{"line":192,"column":null}},{"start":{},"end":{}}],"line":190},"10":{"loc":{"start":{"line":223,"column":6},"end":{"line":225,"column":null}},"type":"if","locations":[{"start":{"line":223,"column":6},"end":{"line":225,"column":null}},{"start":{},"end":{}}],"line":223},"11":{"loc":{"start":{"line":223,"column":10},"end":{"line":223,"column":65}},"type":"binary-expr","locations":[{"start":{"line":223,"column":10},"end":{"line":223,"column":29}},{"start":{"line":223,"column":29},"end":{"line":223,"column":65}}],"line":223},"12":{"loc":{"start":{"line":292,"column":6},"end":{"line":292,"column":null}},"type":"if","locations":[{"start":{"line":292,"column":6},"end":{"line":292,"column":null}},{"start":{},"end":{}}],"line":292},"13":{"loc":{"start":{"line":299,"column":8},"end":{"line":301,"column":null}},"type":"if","locations":[{"start":{"line":299,"column":8},"end":{"line":301,"column":null}},{"start":{},"end":{}}],"line":299},"14":{"loc":{"start":{"line":299,"column":12},"end":{"line":299,"column":82}},"type":"binary-expr","locations":[{"start":{"line":299,"column":12},"end":{"line":299,"column":36}},{"start":{"line":299,"column":36},"end":{"line":299,"column":60}},{"start":{"line":299,"column":60},"end":{"line":299,"column":82}}],"line":299},"15":{"loc":{"start":{"line":314,"column":30},"end":{"line":314,"column":69}},"type":"binary-expr","locations":[{"start":{"line":314,"column":30},"end":{"line":314,"column":59}},{"start":{"line":314,"column":59},"end":{"line":314,"column":69}}],"line":314}},"s":{"0":7,"1":7,"2":4,"3":4,"4":3,"5":3,"6":3,"7":3,"8":3,"9":3,"10":4,"11":4,"12":4,"13":4,"14":4,"15":4,"16":4,"17":4,"18":4,"19":4,"20":4,"21":1,"22":1,"23":1,"24":4,"25":4,"26":4,"27":4,"28":4,"29":0,"30":4,"31":4,"32":4,"33":4,"34":4,"35":4,"36":4,"37":4,"38":3,"39":3,"40":4,"41":4,"42":4,"43":4,"44":4,"45":4,"46":4,"47":4,"48":4,"49":4,"50":8,"51":4,"52":4,"53":7,"54":3,"55":3,"56":3,"57":3,"58":3,"59":3,"60":0,"61":3,"62":4,"63":3,"64":0,"65":3,"66":3,"67":17,"68":17,"69":17,"70":0,"71":17,"72":0,"73":2,"74":2,"75":2,"76":2,"77":2,"78":1,"79":1,"80":0,"81":1,"82":1,"83":1,"84":1,"85":1,"86":1,"87":1,"88":1,"89":1,"90":1,"91":1,"92":1,"93":0,"94":1,"95":1,"96":1,"97":1,"98":0,"99":1,"100":1,"101":1,"102":1,"103":1,"104":1,"105":1,"106":1,"107":1,"108":1,"109":1},"f":{"0":7,"1":4,"2":4,"3":4,"4":8,"5":7,"6":3,"7":2,"8":1,"9":1},"b":{"0":[1,3],"1":[0,4],"2":[3,0],"3":[3,0],"4":[0,3],"5":[0,3],"6":[0,3],"7":[0,17],"8":[17,17],"9":[0,17],"10":[0,1],"11":[1,1],"12":[0,1],"13":[0,1],"14":[1,1,1],"15":[1,0]},"meta":{"lastBranch":16,"lastFunction":10,"lastStatement":110,"seen":{"f:27:2:27:14":0,"s:28:4:28:Infinity":0,"s:29:4:29:Infinity":1,"f:32:8:32:27":1,"s:33:4:33:Infinity":2,"s:35:27:35:Infinity":3,"s:36:4:36:Infinity":4,"s:38:23:38:Infinity":5,"s:39:34:39:Infinity":6,"s:41:29:43:Infinity":7,"s:45:4:91:Infinity":8,"s:45:17:45:20":9,"s:46:26:46:Infinity":10,"s:47:23:47:Infinity":11,"s:48:27:48:Infinity":12,"s:49:6:49:Infinity":13,"s:51:12:51:Infinity":14,"s:53:12:57:Infinity":15,"s:59:20:59:Infinity":16,"s:60:6:60:Infinity":17,"s:61:6:61:Infinity":18,"s:62:6:62:Infinity":19,"b:63:6:67:Infinity:undefined:undefined:undefined:undefined":0,"s:63:6:67:Infinity":20,"s:64:26:64:Infinity":21,"s:65:8:65:Infinity":22,"s:66:8:66:Infinity":23,"s:68:6:68:Infinity":24,"s:70:22:87:Infinity":25,"f:70:22:70:34":2,"s:71:25:81:Infinity":26,"s:82:24:82:Infinity":27,"b:83:8:83:Infinity:undefined:undefined:undefined:undefined":1,"s:83:8:83:Infinity":28,"s:83:22:83:Infinity":29,"s:85:14:85:Infinity":30,"s:86:8:86:Infinity":31,"s:89:26:89:Infinity":32,"s:90:6:90:Infinity":33,"s:93:40:101:Infinity":34,"b:99:49:99:109:99:109:99:Infinity":2,"s:103:4:103:Infinity":35,"s:105:27:105:Infinity":36,"s:106:4:106:Infinity":37,"s:108:4:108:Infinity":38,"s:109:4:109:Infinity":39,"b:109:30:109:64:109:64:109:74":3,"s:110:4:110:Infinity":40,"s:111:4:111:Infinity":41,"s:112:4:112:Infinity":42,"s:113:4:113:Infinity":43,"s:115:4:115:Infinity":44,"f:118:16:118:40":3,"s:119:4:119:Infinity":45,"s:121:33:125:Infinity":46,"s:127:10:127:Infinity":47,"s:128:10:128:Infinity":48,"s:131:25:135:Infinity":49,"f:131:48:131:54":4,"s:131:54:135:6":50,"s:137:20:143:Infinity":51,"s:146:20:172:Infinity":52,"f:146:20:146:32":5,"s:147:23:157:Infinity":53,"s:158:22:158:Infinity":54,"b:159:6:159:Infinity:undefined:undefined:undefined:undefined":4,"s:159:6:159:Infinity":55,"s:159:20:159:Infinity":56,"s:161:12:161:Infinity":57,"s:162:28:162:Infinity":58,"b:164:6:166:Infinity:undefined:undefined:undefined:undefined":5,"s:164:6:166:Infinity":59,"s:165:8:165:Infinity":60,"s:168:6:171:Infinity":61,"s:174:4:174:Infinity":62,"f:177:10:177:37":6,"b:178:4:180:Infinity:undefined:undefined:undefined:undefined":6,"s:178:4:180:Infinity":63,"s:179:6:179:Infinity":64,"s:182:4:193:Infinity":65,"s:182:17:182:20":66,"s:183:19:183:Infinity":67,"s:184:21:184:Infinity":68,"b:186:6:188:Infinity:undefined:undefined:undefined:undefined":7,"s:186:6:188:Infinity":69,"b:186:10:186:49:186:49:186:82":8,"s:187:8:187:Infinity":70,"b:190:6:192:Infinity:undefined:undefined:undefined:undefined":9,"s:190:6:192:Infinity":71,"s:191:8:191:Infinity":72,"f:196:8:196:Infinity":7,"s:200:10:200:Infinity":73,"s:202:24:203:Infinity":74,"s:207:4:235:Infinity":75,"s:209:12:217:Infinity":76,"s:219:23:219:Infinity":77,"s:221:29:221:Infinity":78,"b:223:6:225:Infinity:undefined:undefined:undefined:undefined":10,"s:223:6:225:Infinity":79,"b:223:10:223:29:223:29:223:65":11,"s:224:8:224:Infinity":80,"s:227:6:227:Infinity":81,"s:229:6:229:Infinity":82,"s:232:6:232:Infinity":83,"s:234:6:234:Infinity":84,"f:242:8:242:37":8,"s:243:4:243:Infinity":85,"s:245:10:245:Infinity":86,"s:247:25:247:Infinity":87,"s:272:24:273:Infinity":88,"s:277:20:305:Infinity":89,"f:277:20:277:32":9,"s:278:23:289:Infinity":90,"s:291:22:291:Infinity":91,"b:292:6:292:Infinity:undefined:undefined:undefined:undefined":12,"s:292:6:292:Infinity":92,"s:292:20:292:Infinity":93,"s:294:12:294:Infinity":94,"s:295:37:295:Infinity":95,"s:298:6:302:Infinity":96,"b:299:8:301:Infinity:undefined:undefined:undefined:undefined":13,"s:299:8:301:Infinity":97,"b:299:12:299:36:299:36:299:60:299:60:299:82":14,"s:300:10:300:Infinity":98,"s:304:6:304:Infinity":99,"s:307:23:307:Infinity":100,"s:310:27:310:Infinity":101,"s:311:4:311:Infinity":102,"s:313:4:313:Infinity":103,"s:314:4:314:Infinity":104,"b:314:30:314:59:314:59:314:69":15,"s:315:4:315:Infinity":105,"s:316:4:316:Infinity":106,"s:317:4:317:Infinity":107,"s:318:4:318:Infinity":108,"s:320:4:320:Infinity":109}}}
,"/Users/andresb/Projects/cinematicframework/src/lib/llm-retry.ts": {"path":"/Users/andresb/Projects/cinematicframework/src/lib/llm-retry.ts","statementMap":{"0":{"start":{"line":13,"column":50},"end":{"line":13,"column":null}},"1":{"start":{"line":28,"column":19},"end":{"line":28,"column":null}},"2":{"start":{"line":29,"column":18},"end":{"line":29,"column":null}},"3":{"start":{"line":30,"column":16},"end":{"line":30,"column":null}},"4":{"start":{"line":31,"column":17},"end":{"line":31,"column":null}},"5":{"start":{"line":33,"column":4},"end":{"line":54,"column":null}},"6":{"start":{"line":34,"column":8},"end":{"line":53,"column":null}},"7":{"start":{"line":35,"column":12},"end":{"line":35,"column":null}},"8":{"start":{"line":37,"column":12},"end":{"line":37,"column":null}},"9":{"start":{"line":38,"column":12},"end":{"line":41,"column":null}},"10":{"start":{"line":39,"column":16},"end":{"line":39,"column":null}},"11":{"start":{"line":40,"column":16},"end":{"line":40,"column":null}},"12":{"start":{"line":43,"column":12},"end":{"line":48,"column":null}},"13":{"start":{"line":44,"column":34},"end":{"line":44,"column":null}},"14":{"start":{"line":45,"column":16},"end":{"line":47,"column":null}},"15":{"start":{"line":46,"column":20},"end":{"line":46,"column":null}},"16":{"start":{"line":50,"column":12},"end":{"line":50,"column":null}},"17":{"start":{"line":51,"column":12},"end":{"line":51,"column":null}},"18":{"start":{"line":51,"column":41},"end":{"line":51,"column":67}},"19":{"start":{"line":52,"column":12},"end":{"line":52,"column":null}},"20":{"start":{"line":56,"column":4},"end":{"line":56,"column":null}}},"fnMap":{"0":{"name":"retryLlmCall","decl":{"start":{"line":22,"column":22},"end":{"line":22,"column":null}},"loc":{"start":{"line":27,"column":14},"end":{"line":57,"column":null}},"line":27},"1":{"name":"(anonymous_1)","decl":{"start":{"line":51,"column":30},"end":{"line":51,"column":41}},"loc":{"start":{"line":51,"column":41},"end":{"line":51,"column":67}},"line":51}},"branchMap":{"0":{"loc":{"start":{"line":25,"column":4},"end":{"line":25,"column":null}},"type":"default-arg","locations":[{"start":{"line":25,"column":31},"end":{"line":25,"column":null}}],"line":25},"1":{"loc":{"start":{"line":38,"column":12},"end":{"line":41,"column":null}},"type":"if","locations":[{"start":{"line":38,"column":12},"end":{"line":41,"column":null}},{"start":{},"end":{}}],"line":38},"2":{"loc":{"start":{"line":43,"column":12},"end":{"line":48,"column":null}},"type":"if","locations":[{"start":{"line":43,"column":12},"end":{"line":48,"column":null}},{"start":{},"end":{}}],"line":43},"3":{"loc":{"start":{"line":45,"column":16},"end":{"line":47,"column":null}},"type":"if","locations":[{"start":{"line":45,"column":16},"end":{"line":47,"column":null}},{"start":{},"end":{}}],"line":45}},"s":{"0":2,"1":15,"2":15,"3":15,"4":15,"5":15,"6":23,"7":23,"8":12,"9":12,"10":3,"11":3,"12":9,"13":1,"14":1,"15":1,"16":9,"17":9,"18":9,"19":9,"20":1},"f":{"0":15,"1":9},"b":{"0":[15],"1":[3,9],"2":[1,8],"3":[1,0]},"meta":{"lastBranch":4,"lastFunction":2,"lastStatement":21,"seen":{"s:13:50:13:Infinity":0,"f:22:22:22:Infinity":0,"b:25:31:25:Infinity":0,"s:28:19:28:Infinity":1,"s:29:18:29:Infinity":2,"s:30:16:30:Infinity":3,"s:31:17:31:Infinity":4,"s:33:4:54:Infinity":5,"s:34:8:53:Infinity":6,"s:35:12:35:Infinity":7,"s:37:12:37:Infinity":8,"b:38:12:41:Infinity:undefined:undefined:undefined:undefined":1,"s:38:12:41:Infinity":9,"s:39:16:39:Infinity":10,"s:40:16:40:Infinity":11,"b:43:12:48:Infinity:undefined:undefined:undefined:undefined":2,"s:43:12:48:Infinity":12,"s:44:34:44:Infinity":13,"b:45:16:47:Infinity:undefined:undefined:undefined:undefined":3,"s:45:16:47:Infinity":14,"s:46:20:46:Infinity":15,"s:50:12:50:Infinity":16,"s:51:12:51:Infinity":17,"f:51:30:51:41":1,"s:51:41:51:67":18,"s:52:12:52:Infinity":19,"s:56:4:56:Infinity":20}}}
,"/Users/andresb/Projects/cinematicframework/src/llm/index.ts": {"path":"/Users/andresb/Projects/cinematicframework/src/llm/index.ts","statementMap":{"0":{"start":{"line":9,"column":8},"end":{"line":9,"column":null}},"1":{"start":{"line":13,"column":8},"end":{"line":13,"column":null}},"2":{"start":{"line":17,"column":8},"end":{"line":17,"column":null}},"3":{"start":{"line":21,"column":8},"end":{"line":21,"column":null}}},"fnMap":{"0":{"name":"(anonymous_0)","decl":{"start":{"line":8,"column":4},"end":{"line":8,"column":16}},"loc":{"start":{"line":8,"column":39},"end":{"line":10,"column":null}},"line":8},"1":{"name":"(anonymous_1)","decl":{"start":{"line":12,"column":10},"end":{"line":12,"column":26}},"loc":{"start":{"line":12,"column":39},"end":{"line":14,"column":null}},"line":12},"2":{"name":"(anonymous_2)","decl":{"start":{"line":16,"column":10},"end":{"line":16,"column":25}},"loc":{"start":{"line":16,"column":38},"end":{"line":18,"column":null}},"line":16},"3":{"name":"(anonymous_3)","decl":{"start":{"line":20,"column":10},"end":{"line":20,"column":29}},"loc":{"start":{"line":20,"column":42},"end":{"line":22,"column":null}},"line":20}},"branchMap":{},"s":{"0":10,"1":15,"2":1,"3":1},"f":{"0":10,"1":15,"2":1,"3":1},"b":{},"meta":{"lastBranch":0,"lastFunction":4,"lastStatement":4,"seen":{"f:8:4:8:16":0,"s:9:8:9:Infinity":0,"f:12:10:12:26":1,"s:13:8:13:Infinity":1,"f:16:10:16:25":2,"s:17:8:17:Infinity":2,"f:20:10:20:29":3,"s:21:8:21:Infinity":3}}}
,"/Users/andresb/Projects/cinematicframework/src/llm/types.ts": {"path":"/Users/andresb/Projects/cinematicframework/src/llm/types.ts","statementMap":{},"fnMap":{},"branchMap":{},"s":{},"f":{},"b":{},"meta":{"lastBranch":0,"lastFunction":0,"lastStatement":0,"seen":{}}}
,"/Users/andresb/Projects/cinematicframework/src/llm/google/google-provider.ts": {"path":"/Users/andresb/Projects/cinematicframework/src/llm/google/google-provider.ts","statementMap":{"0":{"start":{"line":9,"column":8},"end":{"line":9,"column":null}},"1":{"start":{"line":10,"column":8},"end":{"line":10,"column":null}},"2":{"start":{"line":14,"column":8},"end":{"line":14,"column":null}},"3":{"start":{"line":18,"column":8},"end":{"line":18,"column":null}},"4":{"start":{"line":22,"column":8},"end":{"line":22,"column":null}},"5":{"start":{"line":26,"column":8},"end":{"line":26,"column":null}}},"fnMap":{"0":{"name":"(anonymous_0)","decl":{"start":{"line":8,"column":4},"end":{"line":8,"column":16}},"loc":{"start":{"line":8,"column":59},"end":{"line":11,"column":null}},"line":8},"1":{"name":"(anonymous_1)","decl":{"start":{"line":13,"column":10},"end":{"line":13,"column":26}},"loc":{"start":{"line":13,"column":95},"end":{"line":15,"column":null}},"line":13},"2":{"name":"(anonymous_2)","decl":{"start":{"line":17,"column":10},"end":{"line":17,"column":25}},"loc":{"start":{"line":17,"column":92},"end":{"line":19,"column":null}},"line":17},"3":{"name":"(anonymous_3)","decl":{"start":{"line":21,"column":10},"end":{"line":21,"column":25}},"loc":{"start":{"line":21,"column":103},"end":{"line":23,"column":null}},"line":21},"4":{"name":"(anonymous_4)","decl":{"start":{"line":25,"column":10},"end":{"line":25,"column":29}},"loc":{"start":{"line":25,"column":132},"end":{"line":27,"column":null}},"line":25}},"branchMap":{},"s":{"0":10,"1":10,"2":15,"3":0,"4":1,"5":1},"f":{"0":10,"1":15,"2":0,"3":1,"4":1},"b":{},"meta":{"lastBranch":0,"lastFunction":5,"lastStatement":6,"seen":{"f:8:4:8:16":0,"s:9:8:9:Infinity":0,"s:10:8:10:Infinity":1,"f:13:10:13:26":1,"s:14:8:14:Infinity":2,"f:17:10:17:25":2,"s:18:8:18:Infinity":3,"f:21:10:21:25":3,"s:22:8:22:Infinity":4,"f:25:10:25:29":4,"s:26:8:26:Infinity":5}}}
,"/Users/andresb/Projects/cinematicframework/src/llm/google/llm-params.ts": {"path":"/Users/andresb/Projects/cinematicframework/src/llm/google/llm-params.ts","statementMap":{"0":{"start":{"line":3,"column":30},"end":{"line":17,"column":null}},"1":{"start":{"line":3,"column":163},"end":{"line":17,"column":null}},"2":{"start":{"line":18,"column":42},"end":{"line":24,"column":null}},"3":{"start":{"line":18,"column":208},"end":{"line":24,"column":null}},"4":{"start":{"line":25,"column":42},"end":{"line":31,"column":null}},"5":{"start":{"line":25,"column":168},"end":{"line":31,"column":null}}},"fnMap":{"0":{"name":"(anonymous_0)","decl":{"start":{"line":3,"column":30},"end":{"line":3,"column":31}},"loc":{"start":{"line":3,"column":163},"end":{"line":17,"column":null}},"line":3},"1":{"name":"(anonymous_1)","decl":{"start":{"line":18,"column":42},"end":{"line":18,"column":43}},"loc":{"start":{"line":18,"column":208},"end":{"line":24,"column":null}},"line":18},"2":{"name":"(anonymous_2)","decl":{"start":{"line":25,"column":42},"end":{"line":25,"column":43}},"loc":{"start":{"line":25,"column":168},"end":{"line":31,"column":null}},"line":25}},"branchMap":{},"s":{"0":2,"1":3,"2":2,"3":1,"4":2,"5":1},"f":{"0":3,"1":1,"2":1},"b":{},"meta":{"lastBranch":0,"lastFunction":3,"lastStatement":6,"seen":{"s:3:30:17:Infinity":0,"f:3:30:3:31":0,"s:3:163:17:Infinity":1,"s:18:42:24:Infinity":2,"f:18:42:18:43":1,"s:18:208:24:Infinity":3,"s:25:42:31:Infinity":4,"f:25:42:25:43":2,"s:25:168:31:Infinity":5}}}
,"/Users/andresb/Projects/cinematicframework/src/prompts/audio-processing-instruction.ts": {"path":"/Users/andresb/Projects/cinematicframework/src/prompts/audio-processing-instruction.ts","statementMap":{"0":{"start":{"line":1,"column":47},"end":{"line":67,"column":null}},"1":{"start":{"line":5,"column":5},"end":{"line":67,"column":null}}},"fnMap":{"0":{"name":"(anonymous_0)","decl":{"start":{"line":1,"column":47},"end":{"line":1,"column":null}},"loc":{"start":{"line":5,"column":5},"end":{"line":67,"column":null}},"line":5}},"branchMap":{},"s":{"0":1,"1":5},"f":{"0":5},"b":{},"meta":{"lastBranch":0,"lastFunction":1,"lastStatement":2,"seen":{"s:1:47:67:Infinity":0,"f:1:47:1:Infinity":0,"s:5:5:67:Infinity":1}}}
,"/Users/andresb/Projects/cinematicframework/src/prompts/prompt-expansion-instruction.ts": {"path":"/Users/andresb/Projects/cinematicframework/src/prompts/prompt-expansion-instruction.ts","statementMap":{"0":{"start":{"line":6,"column":47},"end":{"line":6,"column":null}},"1":{"start":{"line":6,"column":53},"end":{"line":6,"column":null}}},"fnMap":{"0":{"name":"(anonymous_0)","decl":{"start":{"line":6,"column":47},"end":{"line":6,"column":53}},"loc":{"start":{"line":6,"column":53},"end":{"line":6,"column":null}},"line":6}},"branchMap":{},"s":{"0":1,"1":2},"f":{"0":2},"b":{},"meta":{"lastBranch":0,"lastFunction":1,"lastStatement":2,"seen":{"s:6:47:6:Infinity":0,"f:6:47:6:53":0,"s:6:53:6:Infinity":1}}}
,"/Users/andresb/Projects/cinematicframework/src/prompts/storyboard-composition-instruction.ts": {"path":"/Users/andresb/Projects/cinematicframework/src/prompts/storyboard-composition-instruction.ts","statementMap":{"0":{"start":{"line":1,"column":53},"end":{"line":121,"column":null}},"1":{"start":{"line":4,"column":5},"end":{"line":121,"column":null}}},"fnMap":{"0":{"name":"(anonymous_0)","decl":{"start":{"line":1,"column":53},"end":{"line":1,"column":null}},"loc":{"start":{"line":4,"column":5},"end":{"line":121,"column":null}},"line":4}},"branchMap":{"0":{"loc":{"start":{"line":8,"column":2},"end":{"line":17,"column":null}},"type":"cond-expr","locations":[{"start":{"line":9,"column":4},"end":{"line":9,"column":null}},{"start":{"line":17,"column":4},"end":{"line":17,"column":null}}],"line":8}},"s":{"0":1,"1":8},"f":{"0":8},"b":{"0":[4,4]},"meta":{"lastBranch":1,"lastFunction":1,"lastStatement":2,"seen":{"s:1:53:121:Infinity":0,"f:1:53:1:Infinity":0,"s:4:5:121:Infinity":1,"b:9:4:9:Infinity:17:4:17:Infinity":0}}}
}
